Analysis & Synthesis report for main_top
Thu Jun 20 12:52:30 2019
Quartus Prime Version 18.1.0 Build 625 09/12/2018 SJ Lite Edition


---------------------
; Table of Contents ;
---------------------
  1. Legal Notice
  2. Analysis & Synthesis Summary
  3. Analysis & Synthesis Settings
  4. Parallel Compilation
  5. Analysis & Synthesis Messages



----------------
; Legal Notice ;
----------------
Copyright (C) 2018  Intel Corporation. All rights reserved.
Your use of Intel Corporation's design tools, logic functions 
and other software and tools, and its AMPP partner logic 
functions, and any output files from any of the foregoing 
(including device programming or simulation files), and any 
associated documentation or information are expressly subject 
to the terms and conditions of the Intel Program License 
Subscription Agreement, the Intel Quartus Prime License Agreement,
the Intel FPGA IP License Agreement, or other applicable license
agreement, including, without limitation, that your use is for
the sole purpose of programming logic devices manufactured by
Intel and sold by Intel or its authorized distributors.  Please
refer to the applicable agreement for further details.



+----------------------------------------------------------------------------------+
; Analysis & Synthesis Summary                                                     ;
+------------------------------------+---------------------------------------------+
; Analysis & Synthesis Status        ; Failed - Thu Jun 20 12:52:30 2019           ;
; Quartus Prime Version              ; 18.1.0 Build 625 09/12/2018 SJ Lite Edition ;
; Revision Name                      ; main_top                                    ;
; Top-level Entity Name              ; main_top                                    ;
; Family                             ; Cyclone IV E                                ;
; Total logic elements               ; N/A until Partition Merge                   ;
;     Total combinational functions  ; N/A until Partition Merge                   ;
;     Dedicated logic registers      ; N/A until Partition Merge                   ;
; Total registers                    ; N/A until Partition Merge                   ;
; Total pins                         ; N/A until Partition Merge                   ;
; Total virtual pins                 ; N/A until Partition Merge                   ;
; Total memory bits                  ; N/A until Partition Merge                   ;
; Embedded Multiplier 9-bit elements ; N/A until Partition Merge                   ;
; Total PLLs                         ; N/A until Partition Merge                   ;
+------------------------------------+---------------------------------------------+


+------------------------------------------------------------------------------------------------------------+
; Analysis & Synthesis Settings                                                                              ;
+------------------------------------------------------------------+--------------------+--------------------+
; Option                                                           ; Setting            ; Default Value      ;
+------------------------------------------------------------------+--------------------+--------------------+
; Device                                                           ; EP4CE115F29C7      ;                    ;
; Top-level entity name                                            ; main_top           ; main_top           ;
; Family name                                                      ; Cyclone IV E       ; Cyclone V          ;
; Use smart compilation                                            ; Off                ; Off                ;
; Enable parallel Assembler and Timing Analyzer during compilation ; On                 ; On                 ;
; Enable compact report table                                      ; Off                ; Off                ;
; Restructure Multiplexers                                         ; Auto               ; Auto               ;
; Create Debugging Nodes for IP Cores                              ; Off                ; Off                ;
; Preserve fewer node names                                        ; On                 ; On                 ;
; Intel FPGA IP Evaluation Mode                                    ; Enable             ; Enable             ;
; Verilog Version                                                  ; Verilog_2001       ; Verilog_2001       ;
; VHDL Version                                                     ; VHDL_1993          ; VHDL_1993          ;
; State Machine Processing                                         ; Auto               ; Auto               ;
; Safe State Machine                                               ; Off                ; Off                ;
; Extract Verilog State Machines                                   ; On                 ; On                 ;
; Extract VHDL State Machines                                      ; On                 ; On                 ;
; Ignore Verilog initial constructs                                ; Off                ; Off                ;
; Iteration limit for constant Verilog loops                       ; 5000               ; 5000               ;
; Iteration limit for non-constant Verilog loops                   ; 250                ; 250                ;
; Add Pass-Through Logic to Inferred RAMs                          ; On                 ; On                 ;
; Infer RAMs from Raw Logic                                        ; On                 ; On                 ;
; Parallel Synthesis                                               ; On                 ; On                 ;
; DSP Block Balancing                                              ; Auto               ; Auto               ;
; NOT Gate Push-Back                                               ; On                 ; On                 ;
; Power-Up Don't Care                                              ; On                 ; On                 ;
; Remove Redundant Logic Cells                                     ; Off                ; Off                ;
; Remove Duplicate Registers                                       ; On                 ; On                 ;
; Ignore CARRY Buffers                                             ; Off                ; Off                ;
; Ignore CASCADE Buffers                                           ; Off                ; Off                ;
; Ignore GLOBAL Buffers                                            ; Off                ; Off                ;
; Ignore ROW GLOBAL Buffers                                        ; Off                ; Off                ;
; Ignore LCELL Buffers                                             ; Off                ; Off                ;
; Ignore SOFT Buffers                                              ; On                 ; On                 ;
; Limit AHDL Integers to 32 Bits                                   ; Off                ; Off                ;
; Optimization Technique                                           ; Balanced           ; Balanced           ;
; Carry Chain Length                                               ; 70                 ; 70                 ;
; Auto Carry Chains                                                ; On                 ; On                 ;
; Auto Open-Drain Pins                                             ; On                 ; On                 ;
; Perform WYSIWYG Primitive Resynthesis                            ; Off                ; Off                ;
; Auto ROM Replacement                                             ; On                 ; On                 ;
; Auto RAM Replacement                                             ; On                 ; On                 ;
; Auto DSP Block Replacement                                       ; On                 ; On                 ;
; Auto Shift Register Replacement                                  ; Auto               ; Auto               ;
; Allow Shift Register Merging across Hierarchies                  ; Auto               ; Auto               ;
; Auto Clock Enable Replacement                                    ; On                 ; On                 ;
; Strict RAM Replacement                                           ; Off                ; Off                ;
; Allow Synchronous Control Signals                                ; On                 ; On                 ;
; Force Use of Synchronous Clear Signals                           ; Off                ; Off                ;
; Auto RAM Block Balancing                                         ; On                 ; On                 ;
; Auto RAM to Logic Cell Conversion                                ; Off                ; Off                ;
; Auto Resource Sharing                                            ; Off                ; Off                ;
; Allow Any RAM Size For Recognition                               ; Off                ; Off                ;
; Allow Any ROM Size For Recognition                               ; Off                ; Off                ;
; Allow Any Shift Register Size For Recognition                    ; Off                ; Off                ;
; Use LogicLock Constraints during Resource Balancing              ; On                 ; On                 ;
; Ignore translate_off and synthesis_off directives                ; Off                ; Off                ;
; Timing-Driven Synthesis                                          ; On                 ; On                 ;
; Report Parameter Settings                                        ; On                 ; On                 ;
; Report Source Assignments                                        ; On                 ; On                 ;
; Report Connectivity Checks                                       ; On                 ; On                 ;
; Ignore Maximum Fan-Out Assignments                               ; Off                ; Off                ;
; Synchronization Register Chain Length                            ; 2                  ; 2                  ;
; Power Optimization During Synthesis                              ; Normal compilation ; Normal compilation ;
; HDL message level                                                ; Level2             ; Level2             ;
; Suppress Register Optimization Related Messages                  ; Off                ; Off                ;
; Number of Removed Registers Reported in Synthesis Report         ; 5000               ; 5000               ;
; Number of Swept Nodes Reported in Synthesis Report               ; 5000               ; 5000               ;
; Number of Inverted Registers Reported in Synthesis Report        ; 100                ; 100                ;
; Clock MUX Protection                                             ; On                 ; On                 ;
; Auto Gated Clock Conversion                                      ; Off                ; Off                ;
; Block Design Naming                                              ; Auto               ; Auto               ;
; SDC constraint protection                                        ; Off                ; Off                ;
; Synthesis Effort                                                 ; Auto               ; Auto               ;
; Shift Register Replacement - Allow Asynchronous Clear Signal     ; On                 ; On                 ;
; Pre-Mapping Resynthesis Optimization                             ; Off                ; Off                ;
; Analysis & Synthesis Message Level                               ; Medium             ; Medium             ;
; Disable Register Merging Across Hierarchies                      ; Auto               ; Auto               ;
; Resource Aware Inference For Block RAM                           ; On                 ; On                 ;
+------------------------------------------------------------------+--------------------+--------------------+


+------------------------------------------+
; Parallel Compilation                     ;
+----------------------------+-------------+
; Processors                 ; Number      ;
+----------------------------+-------------+
; Number detected on machine ; 8           ;
; Maximum allowed            ; 4           ;
;                            ;             ;
; Average used               ; 1.00        ;
; Maximum used               ; 1           ;
;                            ;             ;
; Usage by Processor         ; % Time Used ;
;     Processor 1            ; 100.0%      ;
+----------------------------+-------------+


+-------------------------------+
; Analysis & Synthesis Messages ;
+-------------------------------+
Info: *******************************************************************
Info: Running Quartus Prime Analysis & Synthesis
    Info: Version 18.1.0 Build 625 09/12/2018 SJ Lite Edition
    Info: Processing started: Thu Jun 20 12:52:14 2019
Info: Command: quartus_map --read_settings_files=on --write_settings_files=off main_top -c main_top
Warning (18236): Number of processors has not been specified which may cause overloading on shared machines.  Set the global assignment NUM_PARALLEL_PROCESSORS in your QSF to an appropriate value for best performance.
Info (20030): Parallel compilation is enabled and will use 4 of the 4 processors detected
Info (12021): Found 2 design units, including 1 entities, in source file /users/mbin9/documents/vscode/vhdl-design/project/clock/scr/top_sw.vhd
    Info (12022): Found design unit 1: top_sw-BEHAVE File: C:/Users/mbin9/Documents/VScode/vhdl-design/project/clock/scr/top_sw.vhd Line: 19
    Info (12023): Found entity 1: top_sw File: C:/Users/mbin9/Documents/VScode/vhdl-design/project/clock/scr/top_sw.vhd Line: 5
Info (12021): Found 2 design units, including 1 entities, in source file /users/mbin9/documents/vscode/vhdl-design/project/clock/scr/sw_input_up_long.vhd
    Info (12022): Found design unit 1: sw_input_up_long-BEHAVE File: C:/Users/mbin9/Documents/VScode/vhdl-design/project/clock/scr/sw_input_up_long.vhd Line: 12
    Info (12023): Found entity 1: sw_input_up_long File: C:/Users/mbin9/Documents/VScode/vhdl-design/project/clock/scr/sw_input_up_long.vhd Line: 5
Info (12021): Found 2 design units, including 1 entities, in source file /users/mbin9/documents/vscode/vhdl-design/project/clock/scr/sw_input_in_sw.vhd
    Info (12022): Found design unit 1: sw_input_in_sw-BEHAVE File: C:/Users/mbin9/Documents/VScode/vhdl-design/project/clock/scr/sw_input_in_sw.vhd Line: 12
    Info (12023): Found entity 1: sw_input_in_sw File: C:/Users/mbin9/Documents/VScode/vhdl-design/project/clock/scr/sw_input_in_sw.vhd Line: 5
Info (12021): Found 2 design units, including 1 entities, in source file /users/mbin9/documents/vscode/vhdl-design/project/clock/scr/sw_input_adj_long.vhd
    Info (12022): Found design unit 1: sw_input_adj_long-BEHAVE File: C:/Users/mbin9/Documents/VScode/vhdl-design/project/clock/scr/sw_input_adj_long.vhd Line: 12
    Info (12023): Found entity 1: sw_input_adj_long File: C:/Users/mbin9/Documents/VScode/vhdl-design/project/clock/scr/sw_input_adj_long.vhd Line: 5
Info (12021): Found 2 design units, including 1 entities, in source file /users/mbin9/documents/vscode/vhdl-design/project/clock/scr/sw_input.vhd
    Info (12022): Found design unit 1: sw_input-BEHAVE File: C:/Users/mbin9/Documents/VScode/vhdl-design/project/clock/scr/sw_input.vhd Line: 12
    Info (12023): Found entity 1: sw_input File: C:/Users/mbin9/Documents/VScode/vhdl-design/project/clock/scr/sw_input.vhd Line: 5
Info (12021): Found 2 design units, including 1 entities, in source file /users/mbin9/documents/vscode/vhdl-design/project/clock/scr/sw_adjust.vhd
    Info (12022): Found design unit 1: sw_adjust-BEHAVE File: C:/Users/mbin9/Documents/VScode/vhdl-design/project/clock/scr/sw_adjust.vhd Line: 12
    Info (12023): Found entity 1: sw_adjust File: C:/Users/mbin9/Documents/VScode/vhdl-design/project/clock/scr/sw_adjust.vhd Line: 5
Info (12021): Found 2 design units, including 1 entities, in source file /users/mbin9/documents/vscode/vhdl-design/project/clock/scr/stopwatch_top.vhd
    Info (12022): Found design unit 1: stopwatch_top-STRUCT File: C:/Users/mbin9/Documents/VScode/vhdl-design/project/clock/scr/stopwatch_top.vhd Line: 19
    Info (12023): Found entity 1: stopwatch_top File: C:/Users/mbin9/Documents/VScode/vhdl-design/project/clock/scr/stopwatch_top.vhd Line: 5
Info (12021): Found 2 design units, including 1 entities, in source file /users/mbin9/documents/vscode/vhdl-design/project/clock/scr/stopwatch.vhd
    Info (12022): Found design unit 1: stopwatch-BEHAVE File: C:/Users/mbin9/Documents/VScode/vhdl-design/project/clock/scr/stopwatch.vhd Line: 21
    Info (12023): Found entity 1: stopwatch File: C:/Users/mbin9/Documents/VScode/vhdl-design/project/clock/scr/stopwatch.vhd Line: 6
Info (12021): Found 2 design units, including 1 entities, in source file /users/mbin9/documents/vscode/vhdl-design/project/clock/scr/state_m.vhd
    Info (12022): Found design unit 1: state_m-BEHAVE File: C:/Users/mbin9/Documents/VScode/vhdl-design/project/clock/scr/state_m.vhd Line: 13
    Info (12023): Found entity 1: state_m File: C:/Users/mbin9/Documents/VScode/vhdl-design/project/clock/scr/state_m.vhd Line: 5
Info (12021): Found 2 design units, including 1 entities, in source file /users/mbin9/documents/vscode/vhdl-design/project/clock/scr/state.vhd
    Info (12022): Found design unit 1: state-BEHAVE File: C:/Users/mbin9/Documents/VScode/vhdl-design/project/clock/scr/state.vhd Line: 28
    Info (12023): Found entity 1: state File: C:/Users/mbin9/Documents/VScode/vhdl-design/project/clock/scr/state.vhd Line: 5
Info (12021): Found 2 design units, including 1 entities, in source file /users/mbin9/documents/vscode/vhdl-design/project/clock/scr/seg_drv.vhd
    Info (12022): Found design unit 1: seg_drv-BEHAVE File: C:/Users/mbin9/Documents/VScode/vhdl-design/project/clock/scr/seg_drv.vhd Line: 10
    Info (12023): Found entity 1: seg_drv File: C:/Users/mbin9/Documents/VScode/vhdl-design/project/clock/scr/seg_drv.vhd Line: 5
Error (10500): VHDL syntax error at main_top.vhd(6) near text "port";  expecting "entity", or "architecture", or "use", or "library", or "package", or "configuration" File: C:/Users/mbin9/Documents/VScode/vhdl-design/project/clock/scr/main_top.vhd Line: 6
Info (12021): Found 0 design units, including 0 entities, in source file /users/mbin9/documents/vscode/vhdl-design/project/clock/scr/main_top.vhd
Info (12021): Found 2 design units, including 1 entities, in source file /users/mbin9/documents/vscode/vhdl-design/project/clock/scr/fnd_mux.vhd
    Info (12022): Found design unit 1: FND_mux-BEHAVE File: C:/Users/mbin9/Documents/VScode/vhdl-design/project/clock/scr/fnd_mux.vhd Line: 34
    Info (12023): Found entity 1: FND_mux File: C:/Users/mbin9/Documents/VScode/vhdl-design/project/clock/scr/fnd_mux.vhd Line: 5
Info (12021): Found 2 design units, including 1 entities, in source file /users/mbin9/documents/vscode/vhdl-design/project/clock/scr/fnd_driver.vhd
    Info (12022): Found design unit 1: FND_DRIVER-BEHAVE File: C:/Users/mbin9/Documents/VScode/vhdl-design/project/clock/scr/FND_DRIVER.vhd Line: 26
    Info (12023): Found entity 1: FND_DRIVER File: C:/Users/mbin9/Documents/VScode/vhdl-design/project/clock/scr/FND_DRIVER.vhd Line: 5
Info (12021): Found 2 design units, including 1 entities, in source file /users/mbin9/documents/vscode/vhdl-design/project/clock/scr/clock.vhd
    Info (12022): Found design unit 1: clock-BEHAVE File: C:/Users/mbin9/Documents/VScode/vhdl-design/project/clock/scr/clock.vhd Line: 26
    Info (12023): Found entity 1: clock File: C:/Users/mbin9/Documents/VScode/vhdl-design/project/clock/scr/clock.vhd Line: 5
Info (12021): Found 2 design units, including 1 entities, in source file /users/mbin9/documents/vscode/vhdl-design/project/clock/scr/clk_div.vhd
    Info (12022): Found design unit 1: clk_div-behave File: C:/Users/mbin9/Documents/VScode/vhdl-design/project/clock/scr/clk_div.vhd Line: 13
    Info (12023): Found entity 1: clk_div File: C:/Users/mbin9/Documents/VScode/vhdl-design/project/clock/scr/clk_div.vhd Line: 5
Info (12021): Found 2 design units, including 1 entities, in source file /users/mbin9/documents/vscode/vhdl-design/project/clock/scr/alarm.vhd
    Info (12022): Found design unit 1: alarm-BEHAVE File: C:/Users/mbin9/Documents/VScode/vhdl-design/project/clock/scr/alarm.vhd Line: 29
    Info (12023): Found entity 1: alarm File: C:/Users/mbin9/Documents/VScode/vhdl-design/project/clock/scr/alarm.vhd Line: 6
Error: Quartus Prime Analysis & Synthesis was unsuccessful. 1 error, 1 warning
    Error: Peak virtual memory: 4780 megabytes
    Error: Processing ended: Thu Jun 20 12:52:30 2019
    Error: Elapsed time: 00:00:16
    Error: Total CPU time (on all processors): 00:00:35


