Flow report for stop_watch_top
Fri May 24 11:31:44 2019
Quartus Prime Version 18.1.0 Build 625 09/12/2018 SJ Lite Edition


---------------------
; Table of Contents ;
---------------------
  1. Legal Notice
  2. Flow Summary
  3. Flow Settings
  4. Flow Non-Default Global Settings
  5. Flow Elapsed Time
  6. Flow OS Summary
  7. Flow Log
  8. Flow Messages
  9. Flow Suppressed Messages



----------------
; Legal Notice ;
----------------
Copyright (C) 2018  Intel Corporation. All rights reserved.
Your use of Intel Corporation's design tools, logic functions 
and other software and tools, and its AMPP partner logic 
functions, and any output files from any of the foregoing 
(including device programming or simulation files), and any 
associated documentation or information are expressly subject 
to the terms and conditions of the Intel Program License 
Subscription Agreement, the Intel Quartus Prime License Agreement,
the Intel FPGA IP License Agreement, or other applicable license
agreement, including, without limitation, that your use is for
the sole purpose of programming logic devices manufactured by
Intel and sold by Intel or its authorized distributors.  Please
refer to the applicable agreement for further details.



+----------------------------------------------------------------------------------+
; Flow Summary                                                                     ;
+------------------------------------+---------------------------------------------+
; Flow Status                        ; Successful - Fri May 24 11:31:44 2019       ;
; Quartus Prime Version              ; 18.1.0 Build 625 09/12/2018 SJ Lite Edition ;
; Revision Name                      ; stop_watch_top                              ;
; Top-level Entity Name              ; stop_watch_top                              ;
; Family                             ; Cyclone IV E                                ;
; Device                             ; EP4CE115F29C7                               ;
; Timing Models                      ; Final                                       ;
; Total logic elements               ; 95 / 114,480 ( < 1 % )                      ;
;     Total combinational functions  ; 91 / 114,480 ( < 1 % )                      ;
;     Dedicated logic registers      ; 47 / 114,480 ( < 1 % )                      ;
; Total registers                    ; 47                                          ;
; Total pins                         ; 32 / 529 ( 6 % )                            ;
; Total virtual pins                 ; 0                                           ;
; Total memory bits                  ; 0 / 3,981,312 ( 0 % )                       ;
; Embedded Multiplier 9-bit elements ; 0 / 532 ( 0 % )                             ;
; Total PLLs                         ; 0 / 4 ( 0 % )                               ;
+------------------------------------+---------------------------------------------+


+-----------------------------------------+
; Flow Settings                           ;
+-------------------+---------------------+
; Option            ; Setting             ;
+-------------------+---------------------+
; Start date & time ; 05/24/2019 11:30:46 ;
; Main task         ; Compilation         ;
; Revision Name     ; stop_watch_top      ;
+-------------------+---------------------+


+--------------------------------------------------------------------------------------------------------------------------------------+
; Flow Non-Default Global Settings                                                                                                     ;
+----------------------------------------------+----------------------------------------+---------------+-------------+----------------+
; Assignment Name                              ; Value                                  ; Default Value ; Entity Name ; Section Id     ;
+----------------------------------------------+----------------------------------------+---------------+-------------+----------------+
; COMPILER_SIGNATURE_ID                        ; 279282331788853.155866504606744        ; --            ; --          ; --             ;
; CYCLONEII_OPTIMIZATION_TECHNIQUE             ; Speed                                  ; Balanced      ; --          ; --             ;
; EDA_OUTPUT_DATA_FORMAT                       ; Vhdl                                   ; --            ; --          ; eda_simulation ;
; EDA_SIMULATION_TOOL                          ; ModelSim-Altera (VHDL)                 ; <None>        ; --          ; --             ;
; MAX_CORE_JUNCTION_TEMP                       ; 85                                     ; --            ; --          ; --             ;
; MIN_CORE_JUNCTION_TEMP                       ; 0                                      ; --            ; --          ; --             ;
; PARTITION_COLOR                              ; -- (Not supported for targeted family) ; --            ; --          ; Top            ;
; PARTITION_FITTER_PRESERVATION_LEVEL          ; -- (Not supported for targeted family) ; --            ; --          ; Top            ;
; PARTITION_NETLIST_TYPE                       ; -- (Not supported for targeted family) ; --            ; --          ; Top            ;
; PHYSICAL_SYNTHESIS_COMBO_LOGIC               ; On                                     ; Off           ; --          ; --             ;
; PHYSICAL_SYNTHESIS_REGISTER_DUPLICATION      ; On                                     ; Off           ; --          ; --             ;
; PHYSICAL_SYNTHESIS_REGISTER_RETIMING         ; On                                     ; Off           ; --          ; --             ;
; PROJECT_OUTPUT_DIRECTORY                     ; output_files                           ; --            ; --          ; --             ;
; QII_AUTO_PACKED_REGISTERS                    ; Normal                                 ; Auto          ; --          ; --             ;
; ROUTER_LCELL_INSERTION_AND_LOGIC_DUPLICATION ; On                                     ; Auto          ; --          ; --             ;
; ROUTER_TIMING_OPTIMIZATION_LEVEL             ; MAXIMUM                                ; Normal        ; --          ; --             ;
+----------------------------------------------+----------------------------------------+---------------+-------------+----------------+


+--------------------------------------------------------------------------------------------------------------------------+
; Flow Elapsed Time                                                                                                        ;
+----------------------+--------------+-------------------------+---------------------+------------------------------------+
; Module Name          ; Elapsed Time ; Average Processors Used ; Peak Virtual Memory ; Total CPU Time (on all processors) ;
+----------------------+--------------+-------------------------+---------------------+------------------------------------+
; Analysis & Synthesis ; 00:00:20     ; 1.0                     ; 4908 MB             ; 00:00:43                           ;
; Fitter               ; 00:00:24     ; 1.0                     ; 5625 MB             ; 00:00:36                           ;
; Assembler            ; 00:00:05     ; 1.0                     ; 4689 MB             ; 00:00:05                           ;
; Timing Analyzer      ; 00:00:03     ; 1.0                     ; 4834 MB             ; 00:00:03                           ;
; EDA Netlist Writer   ; 00:00:02     ; 1.0                     ; 4656 MB             ; 00:00:02                           ;
; Total                ; 00:00:54     ; --                      ; --                  ; 00:01:29                           ;
+----------------------+--------------+-------------------------+---------------------+------------------------------------+


+------------------------------------------------------------------------------------+
; Flow OS Summary                                                                    ;
+----------------------+------------------+------------+------------+----------------+
; Module Name          ; Machine Hostname ; OS Name    ; OS Version ; Processor type ;
+----------------------+------------------+------------+------------+----------------+
; Analysis & Synthesis ; DESKTOP-KDNOE8T  ; Windows 10 ; 10.0       ; x86_64         ;
; Fitter               ; DESKTOP-KDNOE8T  ; Windows 10 ; 10.0       ; x86_64         ;
; Assembler            ; DESKTOP-KDNOE8T  ; Windows 10 ; 10.0       ; x86_64         ;
; Timing Analyzer      ; DESKTOP-KDNOE8T  ; Windows 10 ; 10.0       ; x86_64         ;
; EDA Netlist Writer   ; DESKTOP-KDNOE8T  ; Windows 10 ; 10.0       ; x86_64         ;
+----------------------+------------------+------------+------------+----------------+


------------
; Flow Log ;
------------
quartus_map --read_settings_files=on --write_settings_files=off stop_watch_top -c stop_watch_top
quartus_fit --read_settings_files=off --write_settings_files=off stop_watch_top -c stop_watch_top
quartus_asm --read_settings_files=off --write_settings_files=off stop_watch_top -c stop_watch_top
quartus_sta stop_watch_top -c stop_watch_top
quartus_eda --read_settings_files=off --write_settings_files=off stop_watch_top -c stop_watch_top



